{"C:\\Users\\Tmura\\learn-tdd-tamarke\\cash.js":{"path":"C:\\Users\\Tmura\\learn-tdd-tamarke\\cash.js","s":{"1":1,"2":1,"3":1,"4":1,"5":3,"6":3,"7":3,"8":3,"9":3,"10":36,"11":36,"12":12,"13":12,"14":14,"15":14,"16":3},"b":{"1":[12,24]},"f":{"1":3},"fnMap":{"1":{"name":"(anonymous_1)","line":22,"loc":{"start":{"line":22,"column":14},"end":{"line":22,"column":48}}}},"statementMap":{"1":{"start":{"line":19,"column":0},"end":{"line":19,"column":11}},"2":{"start":{"line":20,"column":0},"end":{"line":20,"column":19}},"3":{"start":{"line":21,"column":0},"end":{"line":21,"column":64}},"4":{"start":{"line":22,"column":0},"end":{"line":42,"column":2}},"5":{"start":{"line":24,"column":4},"end":{"line":24,"column":20}},"6":{"start":{"line":25,"column":4},"end":{"line":25,"column":32}},"7":{"start":{"line":26,"column":4},"end":{"line":26,"column":44}},"8":{"start":{"line":27,"column":1},"end":{"line":27,"column":20}},"9":{"start":{"line":29,"column":4},"end":{"line":40,"column":5}},"10":{"start":{"line":30,"column":8},"end":{"line":30,"column":26}},"11":{"start":{"line":32,"column":8},"end":{"line":39,"column":9}},"12":{"start":{"line":33,"column":14},"end":{"line":33,"column":49}},"13":{"start":{"line":35,"column":12},"end":{"line":38,"column":13}},"14":{"start":{"line":36,"column":16},"end":{"line":36,"column":34}},"15":{"start":{"line":37,"column":16},"end":{"line":37,"column":45}},"16":{"start":{"line":41,"column":4},"end":{"line":41,"column":18}}},"branchMap":{"1":{"line":32,"type":"if","locations":[{"start":{"line":32,"column":8},"end":{"line":32,"column":8}},{"start":{"line":32,"column":8},"end":{"line":32,"column":8}}]}}}}